-------------------------------------------------------------------------------
Test set: com.example.miprimerspringboot.MiPrimerSpringBootApplicationTests
-------------------------------------------------------------------------------
Tests run: 1, Failures: 0, Errors: 1, Skipped: 0, Time elapsed: 3.51 s <<< FAILURE! - in com.example.miprimerspringboot.MiPrimerSpringBootApplicationTests
contextLoads  Time elapsed: 0.001 s  <<< ERROR!
java.lang.IllegalStateException: Failed to load ApplicationContext
Caused by: org.springframework.beans.factory.BeanDefinitionStoreException: Failed to parse configuration class [com.example.miprimerspringboot.MiPrimerSpringBootApplication]; nested exception is java.io.FileNotFoundException: class path resource [org/springframework/security/config/annotation/web/configuration/WebSecurityConfigurerAdapter.class] cannot be opened because it does not exist
Caused by: java.io.FileNotFoundException: class path resource [org/springframework/security/config/annotation/web/configuration/WebSecurityConfigurerAdapter.class] cannot be opened because it does not exist

